[0m14:16:44.678216 [debug] [MainThread]: Sending event: {'category': 'dbt', 'action': 'invocation', 'label': 'start', 'context': [<snowplow_tracker.self_describing_json.SelfDescribingJson object at 0x7a1af8f76e20>, <snowplow_tracker.self_describing_json.SelfDescribingJson object at 0x7a1af47c6b20>, <snowplow_tracker.self_describing_json.SelfDescribingJson object at 0x7a1af47c6be0>]}


============================== 14:16:44.689384 | d5935fe8-fa3e-421e-9cf3-d2120f4fcd06 ==============================
[0m14:16:44.689384 [info ] [MainThread]: Running with dbt=1.6.5
[0m14:16:44.690792 [debug] [MainThread]: running dbt with arguments {'debug': 'False', 'log_path': 'logs', 'use_experimental_parser': 'False', 'introspect': 'True', 'version_check': 'True', 'fail_fast': 'False', 'partial_parse': 'True', 'target_path': 'None', 'use_colors': 'True', 'profiles_dir': '/home/thienquang/.dbt', 'quiet': 'False', 'log_cache_events': 'False', 'send_anonymous_usage_stats': 'True', 'static_parser': 'True', 'log_format': 'default', 'no_print': 'None', 'warn_error_options': 'WarnErrorOptions(include=[], exclude=[])', 'write_json': 'True', 'cache_selected_only': 'False', 'warn_error': 'None', 'indirect_selection': 'eager', 'invocation_command': 'dbt init dbt_nyc', 'printer_width': '80'}
[0m14:16:44.691766 [warn ] [MainThread]: [ConfigFolderDirectory]: Unable to parse dict {'dir': PosixPath('/home/thienquang/.dbt')}
[0m14:16:44.692456 [info ] [MainThread]: Creating dbt configuration folder at 
[0m14:16:44.694644 [debug] [MainThread]: Starter project path: /home/thienquang/NYC_taxi/venv/lib/python3.9/site-packages/dbt/include/starter_project
[0m14:16:44.706623 [info ] [MainThread]: 
Your new dbt project "dbt_nyc" was created!

For more information on how to configure the profiles.yml file,
please consult the dbt documentation here:

  https://docs.getdbt.com/docs/configure-your-profile

One more thing:

Need help? Don't hesitate to reach out to us via GitHub issues or on Slack:

  https://community.getdbt.com/

Happy modeling!

[0m14:16:44.708029 [info ] [MainThread]: Setting up your profile.
[0m14:18:13.055753 [info ] [MainThread]: Profile dbt_nyc written to /home/thienquang/.dbt/profiles.yml using target's sample configuration. Once updated, you'll be able to start developing with dbt.
[0m14:18:13.057569 [debug] [MainThread]: Command `dbt init` succeeded at 14:18:13.057281 after 78.98 seconds
[0m14:18:13.058412 [debug] [MainThread]: Sending event: {'category': 'dbt', 'action': 'invocation', 'label': 'end', 'context': [<snowplow_tracker.self_describing_json.SelfDescribingJson object at 0x7a1af8f76e20>, <snowplow_tracker.self_describing_json.SelfDescribingJson object at 0x7a1af5e9e490>, <snowplow_tracker.self_describing_json.SelfDescribingJson object at 0x7a1af45474f0>]}
[0m14:18:13.059223 [debug] [MainThread]: Flushing usage events
